app/build/intermediates/manifest_merge_blame_file/debug/manifest-merger-blame-debug-report.txt
1<?xml version="1.0" encoding="utf-8"?>
2<manifest xmlns:android="http://schemas.android.com/apk/res/android"
3    package="com.btw.app"
4    android:versionCode="1"
5    android:versionName="1.0" >
6
7    <uses-sdk
8        android:minSdkVersion="26"
9        android:targetSdkVersion="34" />
10
11    <!-- Bluetooth -->
12    <uses-permission
12-->src/main/AndroidManifest.xml:5:5-95
13        android:name="android.permission.BLUETOOTH"
13-->src/main/AndroidManifest.xml:5:22-65
14        android:maxSdkVersion="30" />
14-->src/main/AndroidManifest.xml:5:66-92
15    <uses-permission
15-->src/main/AndroidManifest.xml:6:5-101
16        android:name="android.permission.BLUETOOTH_ADMIN"
16-->src/main/AndroidManifest.xml:6:22-71
17        android:maxSdkVersion="30" />
17-->src/main/AndroidManifest.xml:6:72-98
18    <uses-permission
18-->src/main/AndroidManifest.xml:7:5-120
19        android:name="android.permission.BLUETOOTH_SCAN"
19-->src/main/AndroidManifest.xml:7:22-70
20        android:usesPermissionFlags="neverForLocation" />
20-->src/main/AndroidManifest.xml:7:71-117
21    <uses-permission android:name="android.permission.BLUETOOTH_CONNECT" />
21-->src/main/AndroidManifest.xml:8:5-76
21-->src/main/AndroidManifest.xml:8:22-73
22
23    <!-- Location -->
24    <uses-permission android:name="android.permission.ACCESS_FINE_LOCATION" />
24-->src/main/AndroidManifest.xml:11:5-79
24-->src/main/AndroidManifest.xml:11:22-76
25    <uses-permission android:name="android.permission.ACCESS_COARSE_LOCATION" />
25-->src/main/AndroidManifest.xml:12:5-81
25-->src/main/AndroidManifest.xml:12:22-78
26    <uses-permission android:name="android.permission.ACCESS_BACKGROUND_LOCATION" />
26-->src/main/AndroidManifest.xml:13:5-85
26-->src/main/AndroidManifest.xml:13:22-82
27
28    <!-- Foreground service -->
29    <uses-permission android:name="android.permission.FOREGROUND_SERVICE" />
29-->src/main/AndroidManifest.xml:16:5-77
29-->src/main/AndroidManifest.xml:16:22-74
30    <uses-permission android:name="android.permission.FOREGROUND_SERVICE_LOCATION" />
30-->src/main/AndroidManifest.xml:17:5-86
30-->src/main/AndroidManifest.xml:17:22-83
31
32    <!-- Notifications -->
33    <uses-permission android:name="android.permission.POST_NOTIFICATIONS" />
33-->src/main/AndroidManifest.xml:20:5-77
33-->src/main/AndroidManifest.xml:20:22-74
34    <uses-permission android:name="android.permission.VIBRATE" />
34-->src/main/AndroidManifest.xml:21:5-66
34-->src/main/AndroidManifest.xml:21:22-63
35
36    <!-- SMS escalation + verification reply -->
37    <uses-permission android:name="android.permission.SEND_SMS" />
37-->src/main/AndroidManifest.xml:24:5-67
37-->src/main/AndroidManifest.xml:24:22-64
38    <uses-permission android:name="android.permission.RECEIVE_SMS" />
38-->src/main/AndroidManifest.xml:25:5-70
38-->src/main/AndroidManifest.xml:25:22-67
39
40    <!-- Wake lock for background monitoring -->
41    <uses-permission android:name="android.permission.WAKE_LOCK" />
41-->src/main/AndroidManifest.xml:28:5-68
41-->src/main/AndroidManifest.xml:28:22-65
42
43    <!-- Boot receiver for restarting monitor after reboot -->
44    <uses-permission android:name="android.permission.RECEIVE_BOOT_COMPLETED" />
44-->src/main/AndroidManifest.xml:31:5-81
44-->src/main/AndroidManifest.xml:31:22-78
45
46    <!-- Internet blocked intentionally — zero cloud -->
47
48    <uses-feature
48-->src/main/AndroidManifest.xml:35:5-88
49        android:name="android.hardware.bluetooth"
49-->src/main/AndroidManifest.xml:35:19-60
50        android:required="false" />
50-->src/main/AndroidManifest.xml:35:61-85
51    <uses-feature
51-->src/main/AndroidManifest.xml:36:5-91
52        android:name="android.hardware.location.gps"
52-->src/main/AndroidManifest.xml:36:19-63
53        android:required="false" />
53-->src/main/AndroidManifest.xml:36:64-88
54
55    <uses-permission android:name="android.permission.ACCESS_NETWORK_STATE" />
55-->[androidx.work:work-runtime:2.9.0] AndroidManifest.xml:24:5-79
55-->[androidx.work:work-runtime:2.9.0] AndroidManifest.xml:24:22-76
56
57    <permission
57-->[androidx.core:core:1.12.0] AndroidManifest.xml:22:5-24:47
58        android:name="com.btw.app.DYNAMIC_RECEIVER_NOT_EXPORTED_PERMISSION"
58-->[androidx.core:core:1.12.0] AndroidManifest.xml:23:9-81
59        android:protectionLevel="signature" />
59-->[androidx.core:core:1.12.0] AndroidManifest.xml:24:9-44
60
61    <uses-permission android:name="com.btw.app.DYNAMIC_RECEIVER_NOT_EXPORTED_PERMISSION" />
61-->[androidx.core:core:1.12.0] AndroidManifest.xml:26:5-97
61-->[androidx.core:core:1.12.0] AndroidManifest.xml:26:22-94
62
63    <application
63-->src/main/AndroidManifest.xml:38:5-98:19
64        android:name="com.btw.app.BtwApplication"
64-->src/main/AndroidManifest.xml:39:9-39
65        android:allowBackup="false"
65-->src/main/AndroidManifest.xml:40:9-36
66        android:appComponentFactory="androidx.core.app.CoreComponentFactory"
66-->[androidx.core:core:1.12.0] AndroidManifest.xml:28:18-86
67        android:dataExtractionRules="@xml/data_extraction_rules"
67-->src/main/AndroidManifest.xml:41:9-65
68        android:debuggable="true"
69        android:extractNativeLibs="false"
70        android:fullBackupContent="false"
70-->src/main/AndroidManifest.xml:42:9-42
71        android:icon="@mipmap/ic_launcher"
71-->src/main/AndroidManifest.xml:43:9-43
72        android:label="@string/app_name"
72-->src/main/AndroidManifest.xml:44:9-41
73        android:networkSecurityConfig="@xml/network_security_config"
73-->src/main/AndroidManifest.xml:48:9-69
74        android:roundIcon="@mipmap/ic_launcher_round"
74-->src/main/AndroidManifest.xml:45:9-54
75        android:supportsRtl="true"
75-->src/main/AndroidManifest.xml:46:9-35
76        android:theme="@style/Theme.Btw" >
76-->src/main/AndroidManifest.xml:47:9-41
77        <activity
77-->src/main/AndroidManifest.xml:50:9-59:20
78            android:name="com.btw.app.MainActivity"
78-->src/main/AndroidManifest.xml:51:13-41
79            android:exported="true"
79-->src/main/AndroidManifest.xml:52:13-36
80            android:theme="@style/Theme.Btw"
80-->src/main/AndroidManifest.xml:53:13-45
81            android:windowSoftInputMode="adjustResize" >
81-->src/main/AndroidManifest.xml:54:13-55
82            <intent-filter>
82-->src/main/AndroidManifest.xml:55:13-58:29
83                <action android:name="android.intent.action.MAIN" />
83-->src/main/AndroidManifest.xml:56:17-69
83-->src/main/AndroidManifest.xml:56:25-66
84
85                <category android:name="android.intent.category.LAUNCHER" />
85-->src/main/AndroidManifest.xml:57:17-77
85-->src/main/AndroidManifest.xml:57:27-74
86            </intent-filter>
87        </activity>
88
89        <service
89-->src/main/AndroidManifest.xml:61:9-65:56
90            android:name="com.btw.app.service.BtwMonitorService"
90-->src/main/AndroidManifest.xml:62:13-54
91            android:enabled="true"
91-->src/main/AndroidManifest.xml:63:13-35
92            android:exported="false"
92-->src/main/AndroidManifest.xml:64:13-37
93            android:foregroundServiceType="location" />
93-->src/main/AndroidManifest.xml:65:13-53
94
95        <receiver
95-->src/main/AndroidManifest.xml:67:9-75:20
96            android:name="com.btw.app.service.SmsVerificationReceiver"
96-->src/main/AndroidManifest.xml:68:13-60
97            android:enabled="true"
97-->src/main/AndroidManifest.xml:69:13-35
98            android:exported="false"
98-->src/main/AndroidManifest.xml:70:13-37
99            android:permission="android.permission.BROADCAST_SMS" >
99-->src/main/AndroidManifest.xml:71:13-66
100            <intent-filter android:priority="999" >
100-->src/main/AndroidManifest.xml:72:13-74:29
100-->src/main/AndroidManifest.xml:72:28-50
101                <action android:name="android.provider.Telephony.SMS_RECEIVED" />
101-->src/main/AndroidManifest.xml:73:17-82
101-->src/main/AndroidManifest.xml:73:25-79
102            </intent-filter>
103        </receiver>
104        <receiver
104-->src/main/AndroidManifest.xml:77:9-84:20
105            android:name="com.btw.app.service.BootReceiver"
105-->src/main/AndroidManifest.xml:78:13-49
106            android:enabled="true"
106-->src/main/AndroidManifest.xml:79:13-35
107            android:exported="false" >
107-->src/main/AndroidManifest.xml:80:13-37
108            <intent-filter>
108-->src/main/AndroidManifest.xml:81:13-83:29
109                <action android:name="android.intent.action.BOOT_COMPLETED" />
109-->src/main/AndroidManifest.xml:82:17-79
109-->src/main/AndroidManifest.xml:82:25-76
110            </intent-filter>
111        </receiver>
112
113        <provider
114            android:name="androidx.startup.InitializationProvider"
114-->src/main/AndroidManifest.xml:87:13-67
115            android:authorities="com.btw.app.androidx-startup"
115-->src/main/AndroidManifest.xml:88:13-68
116            android:exported="false" >
116-->src/main/AndroidManifest.xml:89:13-37
117            <meta-data
117-->[androidx.emoji2:emoji2:1.3.0] AndroidManifest.xml:29:13-31:52
118                android:name="androidx.emoji2.text.EmojiCompatInitializer"
118-->[androidx.emoji2:emoji2:1.3.0] AndroidManifest.xml:30:17-75
119                android:value="androidx.startup" />
119-->[androidx.emoji2:emoji2:1.3.0] AndroidManifest.xml:31:17-49
120            <meta-data
120-->[androidx.lifecycle:lifecycle-process:2.7.0] AndroidManifest.xml:29:13-31:52
121                android:name="androidx.lifecycle.ProcessLifecycleInitializer"
121-->[androidx.lifecycle:lifecycle-process:2.7.0] AndroidManifest.xml:30:17-78
122                android:value="androidx.startup" />
122-->[androidx.lifecycle:lifecycle-process:2.7.0] AndroidManifest.xml:31:17-49
123            <meta-data
123-->[androidx.profileinstaller:profileinstaller:1.3.0] AndroidManifest.xml:29:13-31:52
124                android:name="androidx.profileinstaller.ProfileInstallerInitializer"
124-->[androidx.profileinstaller:profileinstaller:1.3.0] AndroidManifest.xml:30:17-85
125                android:value="androidx.startup" />
125-->[androidx.profileinstaller:profileinstaller:1.3.0] AndroidManifest.xml:31:17-49
126        </provider>
127
128        <activity
128-->[com.google.android.gms:play-services-base:18.3.0] AndroidManifest.xml:20:9-22:45
129            android:name="com.google.android.gms.common.api.GoogleApiActivity"
129-->[com.google.android.gms:play-services-base:18.3.0] AndroidManifest.xml:20:19-85
130            android:exported="false"
130-->[com.google.android.gms:play-services-base:18.3.0] AndroidManifest.xml:22:19-43
131            android:theme="@android:style/Theme.Translucent.NoTitleBar" />
131-->[com.google.android.gms:play-services-base:18.3.0] AndroidManifest.xml:21:19-78
132
133        <service
133-->[androidx.room:room-runtime:2.6.1] AndroidManifest.xml:24:9-28:63
134            android:name="androidx.room.MultiInstanceInvalidationService"
134-->[androidx.room:room-runtime:2.6.1] AndroidManifest.xml:25:13-74
135            android:directBootAware="true"
135-->[androidx.room:room-runtime:2.6.1] AndroidManifest.xml:26:13-43
136            android:exported="false" />
136-->[androidx.room:room-runtime:2.6.1] AndroidManifest.xml:27:13-37
137        <service
137-->[androidx.work:work-runtime:2.9.0] AndroidManifest.xml:39:9-45:35
138            android:name="androidx.work.impl.background.systemalarm.SystemAlarmService"
138-->[androidx.work:work-runtime:2.9.0] AndroidManifest.xml:40:13-88
139            android:directBootAware="false"
139-->[androidx.work:work-runtime:2.9.0] AndroidManifest.xml:41:13-44
140            android:enabled="@bool/enable_system_alarm_service_default"
140-->[androidx.work:work-runtime:2.9.0] AndroidManifest.xml:42:13-72
141            android:exported="false" />
141-->[androidx.work:work-runtime:2.9.0] AndroidManifest.xml:43:13-37
142        <service
142-->[androidx.work:work-runtime:2.9.0] AndroidManifest.xml:46:9-52:35
143            android:name="androidx.work.impl.background.systemjob.SystemJobService"
143-->[androidx.work:work-runtime:2.9.0] AndroidManifest.xml:47:13-84
144            android:directBootAware="false"
144-->[androidx.work:work-runtime:2.9.0] AndroidManifest.xml:48:13-44
145            android:enabled="@bool/enable_system_job_service_default"
145-->[androidx.work:work-runtime:2.9.0] AndroidManifest.xml:49:13-70
146            android:exported="true"
146-->[androidx.work:work-runtime:2.9.0] AndroidManifest.xml:50:13-36
147            android:permission="android.permission.BIND_JOB_SERVICE" />
147-->[androidx.work:work-runtime:2.9.0] AndroidManifest.xml:51:13-69
148        <service
148-->[androidx.work:work-runtime:2.9.0] AndroidManifest.xml:53:9-59:35
149            android:name="androidx.work.impl.foreground.SystemForegroundService"
149-->[androidx.work:work-runtime:2.9.0] AndroidManifest.xml:54:13-81
150            android:directBootAware="false"
150-->[androidx.work:work-runtime:2.9.0] AndroidManifest.xml:55:13-44
151            android:enabled="@bool/enable_system_foreground_service_default"
151-->[androidx.work:work-runtime:2.9.0] AndroidManifest.xml:56:13-77
152            android:exported="false" />
152-->[androidx.work:work-runtime:2.9.0] AndroidManifest.xml:57:13-37
153
154        <receiver
154-->[androidx.work:work-runtime:2.9.0] AndroidManifest.xml:61:9-66:35
155            android:name="androidx.work.impl.utils.ForceStopRunnable$BroadcastReceiver"
155-->[androidx.work:work-runtime:2.9.0] AndroidManifest.xml:62:13-88
156            android:directBootAware="false"
156-->[androidx.work:work-runtime:2.9.0] AndroidManifest.xml:63:13-44
157            android:enabled="true"
157-->[androidx.work:work-runtime:2.9.0] AndroidManifest.xml:64:13-35
158            android:exported="false" />
158-->[androidx.work:work-runtime:2.9.0] AndroidManifest.xml:65:13-37
159        <receiver
159-->[androidx.work:work-runtime:2.9.0] AndroidManifest.xml:67:9-77:20
160            android:name="androidx.work.impl.background.systemalarm.ConstraintProxy$BatteryChargingProxy"
160-->[androidx.work:work-runtime:2.9.0] AndroidManifest.xml:68:13-106
161            android:directBootAware="false"
161-->[androidx.work:work-runtime:2.9.0] AndroidManifest.xml:69:13-44
162            android:enabled="false"
162-->[androidx.work:work-runtime:2.9.0] AndroidManifest.xml:70:13-36
163            android:exported="false" >
163-->[androidx.work:work-runtime:2.9.0] AndroidManifest.xml:71:13-37
164            <intent-filter>
164-->[androidx.work:work-runtime:2.9.0] AndroidManifest.xml:73:13-76:29
165                <action android:name="android.intent.action.ACTION_POWER_CONNECTED" />
165-->[androidx.work:work-runtime:2.9.0] AndroidManifest.xml:74:17-87
165-->[androidx.work:work-runtime:2.9.0] AndroidManifest.xml:74:25-84
166                <action android:name="android.intent.action.ACTION_POWER_DISCONNECTED" />
166-->[androidx.work:work-runtime:2.9.0] AndroidManifest.xml:75:17-90
166-->[androidx.work:work-runtime:2.9.0] AndroidManifest.xml:75:25-87
167            </intent-filter>
168        </receiver>
169        <receiver
169-->[androidx.work:work-runtime:2.9.0] AndroidManifest.xml:78:9-88:20
170            android:name="androidx.work.impl.background.systemalarm.ConstraintProxy$BatteryNotLowProxy"
170-->[androidx.work:work-runtime:2.9.0] AndroidManifest.xml:79:13-104
171            android:directBootAware="false"
171-->[androidx.work:work-runtime:2.9.0] AndroidManifest.xml:80:13-44
172            android:enabled="false"
172-->[androidx.work:work-runtime:2.9.0] AndroidManifest.xml:81:13-36
173            android:exported="false" >
173-->[androidx.work:work-runtime:2.9.0] AndroidManifest.xml:82:13-37
174            <intent-filter>
174-->[androidx.work:work-runtime:2.9.0] AndroidManifest.xml:84:13-87:29
175                <action android:name="android.intent.action.BATTERY_OKAY" />
175-->[androidx.work:work-runtime:2.9.0] AndroidManifest.xml:85:17-77
175-->[androidx.work:work-runtime:2.9.0] AndroidManifest.xml:85:25-74
176                <action android:name="android.intent.action.BATTERY_LOW" />
176-->[androidx.work:work-runtime:2.9.0] AndroidManifest.xml:86:17-76
176-->[androidx.work:work-runtime:2.9.0] AndroidManifest.xml:86:25-73
177            </intent-filter>
178        </receiver>
179        <receiver
179-->[androidx.work:work-runtime:2.9.0] AndroidManifest.xml:89:9-99:20
180            android:name="androidx.work.impl.background.systemalarm.ConstraintProxy$StorageNotLowProxy"
180-->[androidx.work:work-runtime:2.9.0] AndroidManifest.xml:90:13-104
181            android:directBootAware="false"
181-->[androidx.work:work-runtime:2.9.0] AndroidManifest.xml:91:13-44
182            android:enabled="false"
182-->[androidx.work:work-runtime:2.9.0] AndroidManifest.xml:92:13-36
183            android:exported="false" >
183-->[androidx.work:work-runtime:2.9.0] AndroidManifest.xml:93:13-37
184            <intent-filter>
184-->[androidx.work:work-runtime:2.9.0] AndroidManifest.xml:95:13-98:29
185                <action android:name="android.intent.action.DEVICE_STORAGE_LOW" />
185-->[androidx.work:work-runtime:2.9.0] AndroidManifest.xml:96:17-83
185-->[androidx.work:work-runtime:2.9.0] AndroidManifest.xml:96:25-80
186                <action android:name="android.intent.action.DEVICE_STORAGE_OK" />
186-->[androidx.work:work-runtime:2.9.0] AndroidManifest.xml:97:17-82
186-->[androidx.work:work-runtime:2.9.0] AndroidManifest.xml:97:25-79
187            </intent-filter>
188        </receiver>
189        <receiver
189-->[androidx.work:work-runtime:2.9.0] AndroidManifest.xml:100:9-109:20
190            android:name="androidx.work.impl.background.systemalarm.ConstraintProxy$NetworkStateProxy"
190-->[androidx.work:work-runtime:2.9.0] AndroidManifest.xml:101:13-103
191            android:directBootAware="false"
191-->[androidx.work:work-runtime:2.9.0] AndroidManifest.xml:102:13-44
192            android:enabled="false"
192-->[androidx.work:work-runtime:2.9.0] AndroidManifest.xml:103:13-36
193            android:exported="false" >
193-->[androidx.work:work-runtime:2.9.0] AndroidManifest.xml:104:13-37
194            <intent-filter>
194-->[androidx.work:work-runtime:2.9.0] AndroidManifest.xml:106:13-108:29
195                <action android:name="android.net.conn.CONNECTIVITY_CHANGE" />
195-->[androidx.work:work-runtime:2.9.0] AndroidManifest.xml:107:17-79
195-->[androidx.work:work-runtime:2.9.0] AndroidManifest.xml:107:25-76
196            </intent-filter>
197        </receiver>
198        <receiver
198-->[androidx.work:work-runtime:2.9.0] AndroidManifest.xml:110:9-121:20
199            android:name="androidx.work.impl.background.systemalarm.RescheduleReceiver"
199-->[androidx.work:work-runtime:2.9.0] AndroidManifest.xml:111:13-88
200            android:directBootAware="false"
200-->[androidx.work:work-runtime:2.9.0] AndroidManifest.xml:112:13-44
201            android:enabled="false"
201-->[androidx.work:work-runtime:2.9.0] AndroidManifest.xml:113:13-36
202            android:exported="false" >
202-->[androidx.work:work-runtime:2.9.0] AndroidManifest.xml:114:13-37
203            <intent-filter>
203-->[androidx.work:work-runtime:2.9.0] AndroidManifest.xml:116:13-120:29
204                <action android:name="android.intent.action.BOOT_COMPLETED" />
204-->src/main/AndroidManifest.xml:82:17-79
204-->src/main/AndroidManifest.xml:82:25-76
205                <action android:name="android.intent.action.TIME_SET" />
205-->[androidx.work:work-runtime:2.9.0] AndroidManifest.xml:118:17-73
205-->[androidx.work:work-runtime:2.9.0] AndroidManifest.xml:118:25-70
206                <action android:name="android.intent.action.TIMEZONE_CHANGED" />
206-->[androidx.work:work-runtime:2.9.0] AndroidManifest.xml:119:17-81
206-->[androidx.work:work-runtime:2.9.0] AndroidManifest.xml:119:25-78
207            </intent-filter>
208        </receiver>
209        <receiver
209-->[androidx.work:work-runtime:2.9.0] AndroidManifest.xml:122:9-131:20
210            android:name="androidx.work.impl.background.systemalarm.ConstraintProxyUpdateReceiver"
210-->[androidx.work:work-runtime:2.9.0] AndroidManifest.xml:123:13-99
211            android:directBootAware="false"
211-->[androidx.work:work-runtime:2.9.0] AndroidManifest.xml:124:13-44
212            android:enabled="@bool/enable_system_alarm_service_default"
212-->[androidx.work:work-runtime:2.9.0] AndroidManifest.xml:125:13-72
213            android:exported="false" >
213-->[androidx.work:work-runtime:2.9.0] AndroidManifest.xml:126:13-37
214            <intent-filter>
214-->[androidx.work:work-runtime:2.9.0] AndroidManifest.xml:128:13-130:29
215                <action android:name="androidx.work.impl.background.systemalarm.UpdateProxies" />
215-->[androidx.work:work-runtime:2.9.0] AndroidManifest.xml:129:17-98
215-->[androidx.work:work-runtime:2.9.0] AndroidManifest.xml:129:25-95
216            </intent-filter>
217        </receiver>
218        <receiver
218-->[androidx.work:work-runtime:2.9.0] AndroidManifest.xml:132:9-142:20
219            android:name="androidx.work.impl.diagnostics.DiagnosticsReceiver"
219-->[androidx.work:work-runtime:2.9.0] AndroidManifest.xml:133:13-78
220            android:directBootAware="false"
220-->[androidx.work:work-runtime:2.9.0] AndroidManifest.xml:134:13-44
221            android:enabled="true"
221-->[androidx.work:work-runtime:2.9.0] AndroidManifest.xml:135:13-35
222            android:exported="true"
222-->[androidx.work:work-runtime:2.9.0] AndroidManifest.xml:136:13-36
223            android:permission="android.permission.DUMP" >
223-->[androidx.work:work-runtime:2.9.0] AndroidManifest.xml:137:13-57
224            <intent-filter>
224-->[androidx.work:work-runtime:2.9.0] AndroidManifest.xml:139:13-141:29
225                <action android:name="androidx.work.diagnostics.REQUEST_DIAGNOSTICS" />
225-->[androidx.work:work-runtime:2.9.0] AndroidManifest.xml:140:17-88
225-->[androidx.work:work-runtime:2.9.0] AndroidManifest.xml:140:25-85
226            </intent-filter>
227        </receiver>
228
229        <activity
229-->[androidx.compose.ui:ui-tooling-android:1.6.1] AndroidManifest.xml:23:9-25:39
230            android:name="androidx.compose.ui.tooling.PreviewActivity"
230-->[androidx.compose.ui:ui-tooling-android:1.6.1] AndroidManifest.xml:24:13-71
231            android:exported="true" />
231-->[androidx.compose.ui:ui-tooling-android:1.6.1] AndroidManifest.xml:25:13-36
232
233        <meta-data
233-->[com.google.android.gms:play-services-basement:18.3.0] AndroidManifest.xml:21:9-23:69
234            android:name="com.google.android.gms.version"
234-->[com.google.android.gms:play-services-basement:18.3.0] AndroidManifest.xml:22:13-58
235            android:value="@integer/google_play_services_version" />
235-->[com.google.android.gms:play-services-basement:18.3.0] AndroidManifest.xml:23:13-66
236
237        <activity
237-->[androidx.compose.ui:ui-test-manifest:1.6.1] AndroidManifest.xml:23:9-25:39
238            android:name="androidx.activity.ComponentActivity"
238-->[androidx.compose.ui:ui-test-manifest:1.6.1] AndroidManifest.xml:24:13-63
239            android:exported="true" />
239-->[androidx.compose.ui:ui-test-manifest:1.6.1] AndroidManifest.xml:25:13-36
240
241        <receiver
241-->[androidx.profileinstaller:profileinstaller:1.3.0] AndroidManifest.xml:34:9-52:20
242            android:name="androidx.profileinstaller.ProfileInstallReceiver"
242-->[androidx.profileinstaller:profileinstaller:1.3.0] AndroidManifest.xml:35:13-76
243            android:directBootAware="false"
243-->[androidx.profileinstaller:profileinstaller:1.3.0] AndroidManifest.xml:36:13-44
244            android:enabled="true"
244-->[androidx.profileinstaller:profileinstaller:1.3.0] AndroidManifest.xml:37:13-35
245            android:exported="true"
245-->[androidx.profileinstaller:profileinstaller:1.3.0] AndroidManifest.xml:38:13-36
246            android:permission="android.permission.DUMP" >
246-->[androidx.profileinstaller:profileinstaller:1.3.0] AndroidManifest.xml:39:13-57
247            <intent-filter>
247-->[androidx.profileinstaller:profileinstaller:1.3.0] AndroidManifest.xml:40:13-42:29
248                <action android:name="androidx.profileinstaller.action.INSTALL_PROFILE" />
248-->[androidx.profileinstaller:profileinstaller:1.3.0] AndroidManifest.xml:41:17-91
248-->[androidx.profileinstaller:profileinstaller:1.3.0] AndroidManifest.xml:41:25-88
249            </intent-filter>
250            <intent-filter>
250-->[androidx.profileinstaller:profileinstaller:1.3.0] AndroidManifest.xml:43:13-45:29
251                <action android:name="androidx.profileinstaller.action.SKIP_FILE" />
251-->[androidx.profileinstaller:profileinstaller:1.3.0] AndroidManifest.xml:44:17-85
251-->[androidx.profileinstaller:profileinstaller:1.3.0] AndroidManifest.xml:44:25-82
252            </intent-filter>
253            <intent-filter>
253-->[androidx.profileinstaller:profileinstaller:1.3.0] AndroidManifest.xml:46:13-48:29
254                <action android:name="androidx.profileinstaller.action.SAVE_PROFILE" />
254-->[androidx.profileinstaller:profileinstaller:1.3.0] AndroidManifest.xml:47:17-88
254-->[androidx.profileinstaller:profileinstaller:1.3.0] AndroidManifest.xml:47:25-85
255            </intent-filter>
256            <intent-filter>
256-->[androidx.profileinstaller:profileinstaller:1.3.0] AndroidManifest.xml:49:13-51:29
257                <action android:name="androidx.profileinstaller.action.BENCHMARK_OPERATION" />
257-->[androidx.profileinstaller:profileinstaller:1.3.0] AndroidManifest.xml:50:17-95
257-->[androidx.profileinstaller:profileinstaller:1.3.0] AndroidManifest.xml:50:25-92
258            </intent-filter>
259        </receiver>
260    </application>
261
262</manifest>